2023-04-05 17:35:05.152  INFO 247772 --- [restartedMain] com.ssafy.finedUi.FinedUiApplication     : Starting FinedUiApplication using Java 11.0.18 on DESKTOP-DOGVPUB with PID 247772 (C:\Users\SSAFY\AJH\FinedUI\S08P22A108\Backend\finedUI\build\classes\java\main started by SSAFY in C:\Users\SSAFY\AJH\FinedUI\S08P22A108\Backend\finedUI)
2023-04-05 17:35:05.153  INFO 247772 --- [restartedMain] com.ssafy.finedUi.FinedUiApplication     : The following 3 profiles are active: "oauth2", "redis", "sms"
2023-04-05 17:35:05.187  INFO 247772 --- [restartedMain] .e.DevToolsPropertyDefaultsPostProcessor : Devtools property defaults active! Set 'spring.devtools.add-properties' to 'false' to disable
2023-04-05 17:35:05.187  INFO 247772 --- [restartedMain] .e.DevToolsPropertyDefaultsPostProcessor : For additional web related logging consider setting the 'logging.level.web' property to 'DEBUG'
2023-04-05 17:35:05.973  INFO 247772 --- [restartedMain] .s.d.r.c.RepositoryConfigurationDelegate : Multiple Spring Data modules found, entering strict repository configuration mode
2023-04-05 17:35:05.973  INFO 247772 --- [restartedMain] .s.d.r.c.RepositoryConfigurationDelegate : Bootstrapping Spring Data JPA repositories in DEFAULT mode.
2023-04-05 17:35:06.068  INFO 247772 --- [restartedMain] .s.d.r.c.RepositoryConfigurationDelegate : Finished Spring Data repository scanning in 88 ms. Found 5 JPA repository interfaces.
2023-04-05 17:35:06.078  INFO 247772 --- [restartedMain] .s.d.r.c.RepositoryConfigurationDelegate : Multiple Spring Data modules found, entering strict repository configuration mode
2023-04-05 17:35:06.079  INFO 247772 --- [restartedMain] .s.d.r.c.RepositoryConfigurationDelegate : Bootstrapping Spring Data Redis repositories in DEFAULT mode.
2023-04-05 17:35:06.101  INFO 247772 --- [restartedMain] .RepositoryConfigurationExtensionSupport : Spring Data Redis - Could not safely identify store assignment for repository candidate interface com.ssafy.finedUi.chatImage.ChatImageRepository; If you want this repository to be a Redis repository, consider annotating your entities with one of these annotations: org.springframework.data.redis.core.RedisHash (preferred), or consider extending one of the following types with your repository: org.springframework.data.keyvalue.repository.KeyValueRepository
2023-04-05 17:35:06.101  INFO 247772 --- [restartedMain] .RepositoryConfigurationExtensionSupport : Spring Data Redis - Could not safely identify store assignment for repository candidate interface com.ssafy.finedUi.notice.NoticeRepository; If you want this repository to be a Redis repository, consider annotating your entities with one of these annotations: org.springframework.data.redis.core.RedisHash (preferred), or consider extending one of the following types with your repository: org.springframework.data.keyvalue.repository.KeyValueRepository
2023-04-05 17:35:06.101  INFO 247772 --- [restartedMain] .RepositoryConfigurationExtensionSupport : Spring Data Redis - Could not safely identify store assignment for repository candidate interface com.ssafy.finedUi.registInfo.RegistInfoRepository; If you want this repository to be a Redis repository, consider annotating your entities with one of these annotations: org.springframework.data.redis.core.RedisHash (preferred), or consider extending one of the following types with your repository: org.springframework.data.keyvalue.repository.KeyValueRepository
2023-04-05 17:35:06.101  INFO 247772 --- [restartedMain] .RepositoryConfigurationExtensionSupport : Spring Data Redis - Could not safely identify store assignment for repository candidate interface com.ssafy.finedUi.social.SocialRepository; If you want this repository to be a Redis repository, consider annotating your entities with one of these annotations: org.springframework.data.redis.core.RedisHash (preferred), or consider extending one of the following types with your repository: org.springframework.data.keyvalue.repository.KeyValueRepository
2023-04-05 17:35:06.102  INFO 247772 --- [restartedMain] .RepositoryConfigurationExtensionSupport : Spring Data Redis - Could not safely identify store assignment for repository candidate interface com.ssafy.finedUi.user.UserRepository; If you want this repository to be a Redis repository, consider annotating your entities with one of these annotations: org.springframework.data.redis.core.RedisHash (preferred), or consider extending one of the following types with your repository: org.springframework.data.keyvalue.repository.KeyValueRepository
2023-04-05 17:35:06.102  INFO 247772 --- [restartedMain] .s.d.r.c.RepositoryConfigurationDelegate : Finished Spring Data repository scanning in 17 ms. Found 0 Redis repository interfaces.
2023-04-05 17:35:06.362  INFO 247772 --- [restartedMain] trationDelegate$BeanPostProcessorChecker : Bean '(inner bean)#67be231' of type [com.amazonaws.auth.BasicAWSCredentials] is not eligible for getting processed by all BeanPostProcessors (for example: not eligible for auto-proxying)
2023-04-05 17:35:06.362  INFO 247772 --- [restartedMain] trationDelegate$BeanPostProcessorChecker : Bean '(inner bean)#2ef73bbd' of type [com.amazonaws.auth.AWSStaticCredentialsProvider] is not eligible for getting processed by all BeanPostProcessors (for example: not eligible for auto-proxying)
2023-04-05 17:35:06.368  INFO 247772 --- [restartedMain] trationDelegate$BeanPostProcessorChecker : Bean '(inner bean)#325fff87' of type [com.amazonaws.auth.profile.ProfileCredentialsProvider] is not eligible for getting processed by all BeanPostProcessors (for example: not eligible for auto-proxying)
2023-04-05 17:35:06.369  INFO 247772 --- [restartedMain] trationDelegate$BeanPostProcessorChecker : Bean 'credentialsProvider' of type [org.springframework.cloud.aws.core.credentials.CredentialsProviderFactoryBean] is not eligible for getting processed by all BeanPostProcessors (for example: not eligible for auto-proxying)
2023-04-05 17:35:06.369  INFO 247772 --- [restartedMain] trationDelegate$BeanPostProcessorChecker : Bean 'credentialsProvider' of type [com.amazonaws.auth.AWSCredentialsProviderChain] is not eligible for getting processed by all BeanPostProcessors (for example: not eligible for auto-proxying)
2023-04-05 17:35:06.563  INFO 247772 --- [restartedMain] o.s.b.w.embedded.tomcat.TomcatWebServer  : Tomcat initialized with port(s): 8080 (http)
2023-04-05 17:35:06.570  INFO 247772 --- [restartedMain] o.apache.catalina.core.StandardService   : Starting service [Tomcat]
2023-04-05 17:35:06.570  INFO 247772 --- [restartedMain] org.apache.catalina.core.StandardEngine  : Starting Servlet engine: [Apache Tomcat/9.0.71]
2023-04-05 17:35:06.653  INFO 247772 --- [restartedMain] o.a.c.c.C.[Tomcat].[localhost].[/]       : Initializing Spring embedded WebApplicationContext
2023-04-05 17:35:06.653  INFO 247772 --- [restartedMain] w.s.c.ServletWebServerApplicationContext : Root WebApplicationContext: initialization completed in 1465 ms
2023-04-05 17:35:06.782  INFO 247772 --- [restartedMain] o.hibernate.jpa.internal.util.LogHelper  : HHH000204: Processing PersistenceUnitInfo [name: default]
2023-04-05 17:35:06.815  INFO 247772 --- [restartedMain] org.hibernate.Version                    : HHH000412: Hibernate ORM core version 5.6.15.Final
2023-04-05 17:35:06.906  INFO 247772 --- [restartedMain] o.hibernate.annotations.common.Version   : HCANN000001: Hibernate Commons Annotations {5.1.2.Final}
2023-04-05 17:35:06.969  INFO 247772 --- [restartedMain] com.zaxxer.hikari.HikariDataSource       : fined&youHikariPool - Starting...
2023-04-05 17:35:07.148  INFO 247772 --- [restartedMain] com.zaxxer.hikari.HikariDataSource       : fined&youHikariPool - Start completed.
2023-04-05 17:35:07.156  INFO 247772 --- [restartedMain] org.hibernate.dialect.Dialect            : HHH000400: Using dialect: org.hibernate.dialect.MySQL57Dialect
2023-04-05 17:35:07.691  INFO 247772 --- [restartedMain] o.h.e.t.j.p.i.JtaPlatformInitiator       : HHH000490: Using JtaPlatform implementation: [org.hibernate.engine.transaction.jta.platform.internal.NoJtaPlatform]
2023-04-05 17:35:07.704  INFO 247772 --- [restartedMain] j.LocalContainerEntityManagerFactoryBean : Initialized JPA EntityManagerFactory for persistence unit 'default'
2023-04-05 17:35:08.144  WARN 247772 --- [restartedMain] JpaBaseConfiguration$JpaWebConfiguration : spring.jpa.open-in-view is enabled by default. Therefore, database queries may be performed during view rendering. Explicitly configure spring.jpa.open-in-view to disable this warning
2023-04-05 17:35:08.828  WARN 247772 --- [restartedMain] o.s.s.c.a.web.builders.WebSecurity       : You are asking Spring Security to ignore Ant [pattern='/v3/api-docs']. This is not recommended -- please use permitAll via HttpSecurity#authorizeHttpRequests instead.
2023-04-05 17:35:08.829  INFO 247772 --- [restartedMain] o.s.s.web.DefaultSecurityFilterChain     : Will not secure Ant [pattern='/v3/api-docs']
2023-04-05 17:35:08.829  WARN 247772 --- [restartedMain] o.s.s.c.a.web.builders.WebSecurity       : You are asking Spring Security to ignore Ant [pattern='/swagger*/**']. This is not recommended -- please use permitAll via HttpSecurity#authorizeHttpRequests instead.
2023-04-05 17:35:08.829  INFO 247772 --- [restartedMain] o.s.s.web.DefaultSecurityFilterChain     : Will not secure Ant [pattern='/swagger*/**']
2023-04-05 17:35:08.829  WARN 247772 --- [restartedMain] o.s.s.c.a.web.builders.WebSecurity       : You are asking Spring Security to ignore Ant [pattern='/error']. This is not recommended -- please use permitAll via HttpSecurity#authorizeHttpRequests instead.
2023-04-05 17:35:08.829  INFO 247772 --- [restartedMain] o.s.s.web.DefaultSecurityFilterChain     : Will not secure Ant [pattern='/error']
2023-04-05 17:35:08.861 DEBUG 247772 --- [restartedMain] edFilterInvocationSecurityMetadataSource : Adding web access control expression [permitAll] for Ant [pattern='/**']
2023-04-05 17:35:08.867 DEBUG 247772 --- [restartedMain] edFilterInvocationSecurityMetadataSource : Adding web access control expression [authenticated] for any request
2023-04-05 17:35:08.874  INFO 247772 --- [restartedMain] o.s.s.web.DefaultSecurityFilterChain     : Will secure any request with [org.springframework.security.web.session.DisableEncodeUrlFilter@56de4d2e, org.springframework.security.web.context.request.async.WebAsyncManagerIntegrationFilter@1f911ea7, org.springframework.security.web.context.SecurityContextPersistenceFilter@38146414, org.springframework.security.web.header.HeaderWriterFilter@689e0c38, org.springframework.security.web.authentication.logout.LogoutFilter@17affe87, org.springframework.security.oauth2.client.web.OAuth2AuthorizationRequestRedirectFilter@111a92f2, org.springframework.security.oauth2.client.web.OAuth2LoginAuthenticationFilter@863d8b4, com.ssafy.finedUi.common.jwt.JwtTokenAuthenticationFilter@4de54c3d, org.springframework.security.web.savedrequest.RequestCacheAwareFilter@207543d9, org.springframework.security.web.servletapi.SecurityContextHolderAwareRequestFilter@91636fd, org.springframework.security.web.authentication.AnonymousAuthenticationFilter@2a27c232, org.springframework.security.web.session.SessionManagementFilter@5c9459a0, org.springframework.security.web.access.ExceptionTranslationFilter@19d0f1dd, org.springframework.security.web.access.intercept.FilterSecurityInterceptor@10489bc8]
2023-04-05 17:35:08.936  INFO 247772 --- [restartedMain] o.s.b.d.a.OptionalLiveReloadServer       : LiveReload server is running on port 35729
2023-04-05 17:35:09.158  INFO 247772 --- [restartedMain] o.s.b.w.embedded.tomcat.TomcatWebServer  : Tomcat started on port(s): 8080 (http) with context path ''
2023-04-05 17:35:09.340  INFO 247772 --- [restartedMain] com.ssafy.finedUi.FinedUiApplication     : Started FinedUiApplication in 4.522 seconds (JVM running for 5.428)
2023-04-05 17:35:11.943  INFO 247772 --- [SpringApplicationShutdownHook] j.LocalContainerEntityManagerFactoryBean : Closing JPA EntityManagerFactory for persistence unit 'default'
2023-04-05 17:35:11.946  INFO 247772 --- [SpringApplicationShutdownHook] com.zaxxer.hikari.HikariDataSource       : fined&youHikariPool - Shutdown initiated...
2023-04-05 17:35:11.950  INFO 247772 --- [SpringApplicationShutdownHook] com.zaxxer.hikari.HikariDataSource       : fined&youHikariPool - Shutdown completed.
